16403:
3.0
3.0
3.0
16406:
3.96
3.29
3.79
4.29
3.54
3.29
3.89
3.79
3.79
3.29
3.29
3.29
3.29
3.79
4.04
3.29
3.79
3.29
4.29
2.54
4.29
3.29
3.79
3.29
3.29
4.04
3.79
3.79
3.54
3.79
3.96
3.12
3.79
3.29
2.79
3.62
3.29
3.79
3.29
4.04
3.79
2.79
3.79
4.04
2.79
3.29
3.46
4.29
3.29
3.29
4.29
4.04
3.54
3.54
3.54
3.29
3.46
3.29
3.29
4.29
2.29
3.69
3.79
3.79
3.46
4.29
3.29
4.04
3.54
2.54
2.79
2.29
2.92
3.54
4.29
3.79
3.62
3.29
3.79
3.29
3.29
3.54
3.79
3.29
3.79
3.46
3.79
3.29
3.04
3.54
3.54
3.62
4.29
3.79
3.79
3.79
3.79
3.79
4.29
3.29
3.29
3.79
3.62
3.62
3.79
4.29
2.96
2.96
4.04
3.54
2.79
3.79
4.12
3.49
4.29
4.29
4.29
3.62
3.79
3.79
4.29
3.62
3.46
3.79
3.79
2.79
3.29
3.79
3.04
2.79
3.29
3.79
3.62
2.54
3.29
3.54
3.29
3.42
3.46
3.29
3.29
3.79
3.96
2.62
3.79
3.79
3.79
3.79
3.29
3.54
3.79
4.29
3.46
3.29
3.67
3.79
3.29
3.54
2.79
3.79
3.92
3.12
3.79
2.79
2.79
3.29
4.04
3.96
3.79
2.79
3.79
3.29
4.29
3.79
3.79
3.29
3.79
3.79
3.46
3.29
3.29
3.79
4.29
3.54
3.29
3.96
3.04
3.79
3.79
3.17
3.29
3.29
3.29
3.79
3.62
3.42
3.29
3.29
3.79
3.54
3.67
3.79
3.79
3.96
4.29
4.29
3.12
3.67
4.29
3.04
4.12
4.29
3.54
4.29
3.79
3.29
3.79
4.29
3.04
3.79
2.62
4.29
3.29
3.29
3.92
3.29
3.79
3.79
3.54
3.29
4.04
3.29
3.29
3.79
3.29
3.54
3.29
3.54
3.62
3.04
4.04
3.46
4.17
3.29
3.79
3.12
3.62
3.46
2.29
3.79
3.54
3.62
3.29
4.04
3.79
3.29
3.62
3.79
3.62
3.54
3.79
4.29
3.29
3.79
4.04
3.46
3.79
4.04
3.29
3.29
4.29
4.29
3.54
3.79
2.96
2.79
3.62
3.62
3.04
3.04
3.79
3.79
3.46
3.29
3.79
3.79
4.29
4.29
3.54
3.79
4.04
2.79
2.79
3.29
3.04
3.79
3.79
3.79
3.54
3.67
3.54
3.79
3.54
3.54
3.79
3.54
2.79
3.79
3.62
3.96
2.79
3.46
3.49
3.29
3.96
3.79
3.79
3.29
4.29
3.62
2.29
3.29
3.29
4.29
3.54
2.92
3.79
3.29
4.04
4.29
4.29
3.79
3.79
3.79
2.79
4.04
4.29
3.54
3.79
3.12
3.79
3.29
3.79
3.59
3.79
3.79
3.42
3.54
3.79
3.29
3.79
3.79
2.79
3.79
3.79
3.79
3.29
3.79
3.29
4.29
3.54
2.79
3.79
4.29
3.62
3.46
3.54
3.79
4.29
3.79
3.79
3.12
2.96
3.29
3.79
2.79
3.54
4.04
2.79
4.04
3.29
4.29
4.29
3.29
3.29
4.29
2.96
4.12
3.99
4.29
3.79
3.79
4.29
3.42
3.29
3.29
4.04
3.79
3.54
3.79
4.04
3.79
2.79
4.29
3.04
3.79
4.04
3.79
3.29
3.29
4.29
3.04
3.29
4.29
4.04
2.89
3.29
2.79
3.04
3.79
3.79
3.79
3.96
4.17
3.79
4.12
3.29
3.29
3.29
3.54
3.29
3.12
3.29
3.54
3.29
3.79
3.29
3.29
4.04
3.29
3.54
3.79
3.29
3.54
3.29
4.29
3.04
3.79
3.04
3.79
3.79
3.29
3.29
4.29
3.29
3.79
4.29
3.54
3.79
3.79
4.12
3.04
3.04
3.62
3.04
3.96
3.19
4.29
3.96
3.29
3.79
2.29
3.29
3.79
3.04
3.12
3.04
3.79
3.79
4.29
4.29
4.04
3.79
3.29
2.79
3.04
3.29
2.79
4.29
2.54
3.29
3.79
3.79
3.29
2.54
2.96
4.29
4.29
3.79
3.79
3.29
3.29
3.79
3.79
4.29
3.79
4.29
3.79
3.29
3.29
3.29
3.29
3.29
4.29
3.79
4.29
3.79
3.79
4.29
4.04
4.29
4.04
3.29
2.79
3.12
3.29
3.29
3.79
3.04
3.79
3.29
4.29
3.79
3.62
3.96
2.79
4.04
3.92
3.54
4.12
3.54
3.79
3.79
3.54
3.79
3.29
4.29
3.29
2.92
3.79
3.29
4.04
4.04
3.79
3.79
3.54
3.79
3.79
3.29
4.29
3.96
3.46
3.29
2.79
3.29
3.29
3.79
4.29
4.29
16407:
4.19
4.19
3.94
4.44
3.44
4.44
3.94
3.44
3.44
4.19
3.44
4.44
3.94
3.44
3.94
3.78
2.44
4.44
4.44
16408:
3.31
3.81
3.31
3.06
4.31
3.31
3.31
3.56
3.81
3.31
4.31
3.14
4.31
3.47
3.31
3.81
16409:
2.61
3.11
3.11
2.61
4.11
3.61
3.61
3.11
3.11
1641:
3.92
3.42
3.92
2.92
4.42
3.92
4.17
16410:
3.40
3.40
3.90
4.40
2.90
3.40
3.90
4.40
3.90
3.90
4.40
16411:
3.23
3.73
3.73
2.73
3.73
4.23
3.73
3.73
3.73
3.73
3.23
3.23
2.23
3.98
2.23
3.73
3.73
4.23
3.23
16412:
4.33
2.83
3.83
3.33
3.83
3.33
3.33
3.83
3.33
3.33
3.33
3.83
3.33
3.83
2.83
4.33
3.83
4.33
3.83
3.83
3.83
2.83
3.33
3.33
3.33
3.33
4.33
3.83
2.33
3.83
4.33
3.83
4.33
3.83
3.33
4.33
3.33
4.33
2.83
4.33
3.33
3.83
2.83
4.33
3.33
3.83
3.83
3.33
4.33
3.33
3.33
3.83
3.33
3.83
3.33
4.33
3.33
3.83
3.33
3.33
3.33
3.83
3.83
4.33
3.33
4.33
3.83
3.83
3.83
4.33
4.33
3.83
3.83
3.83
4.33
3.33
3.83
3.33
3.83
2.83
3.83
3.83
4.33
3.83
3.33
3.83
3.83
3.83
2.83
3.33
3.83
3.83
4.33
3.33
3.33
2.33
3.33
3.83
4.33
3.83
3.33
3.83
3.83
2.83
4.33
3.83
3.83
3.83
3.83
3.33
3.83
3.83
3.33
3.83
4.33
3.83
4.33
3.33
4.33
4.33
3.83
2.83
3.83
3.33
3.33
2.83
3.83
3.33
2.83
4.33
2.83
2.83
2.83
3.33
3.83
3.33
3.83
4.33
3.33
2.83
3.83
3.83
4.33
3.83
4.33
4.33
16415:
3.94
3.44
3.94
4.44
3.94
4.44
3.94
2.94
3.44
4.44
3.94
3.94
4.44
3.94
3.94
3.94
3.94
3.44
4.44
3.44
4.44
3.44
3.44
4.44
3.94
4.44
3.69
3.94
3.94
4.44
3.44
4.44
3.44
4.44
3.94
3.94
3.44
4.44
3.94
3.94
3.94
3.69
2.94
4.44
2.94
3.94
3.44
3.44
3.94
3.94
3.94
3.44
3.44
3.44
3.94
3.94
4.44
3.44
4.44
3.94
3.94
3.94
3.94
3.94
2.44
3.94
3.94
3.94
3.44
2.94
3.94
3.44
4.44
4.44
3.94
3.94
3.44
4.44
3.94
3.94
3.44
4.44
4.44
3.94
3.44
3.94
3.44
4.44
4.44
4.44
16416:
3.37
1.87
2.87
2.87
16417:
2.7
2.2
2.7
1.7
3.7
1.7
2.7
3.2
2.7
2.2
2.2
2.7
2.7
1.7
2.95
16418:
3.33
3.33
4.33
3.83
3.83
4.33
2.83
3.83
3.83
3.83
3.33
3.83
3.33
3.33
2.83
4.33
3.33
3.33
3.33
3.33
3.33
3.83
3.83
2.33
3.33
3.33
3.83
3.83
3.33
3.83
3.33
3.33
3.83
3.33
4.08
3.83
3.83
3.83
4.33
3.33
3.83
3.83
3.33
3.83
4.33
2.33
3.83
3.83
3.33
4.33
3.83
3.83
3.83
3.33
3.83
4.33
3.33
3.83
3.83
3.33
3.83
4.33
3.83
3.83
4.33
3.33
3.83
4.33
16419:
4.0
4.5
4.5
3.5
4.0
4.0
4.5
4.5
3.5
4.0
4.0
3.5
4.0
3.5
3.0
4.5
3.0
3.5
4.5
4.5
4.0
4.0
4.5
4.0
1642:
3.58
4.58
4.58
4.58
4.08
4.58
3.58
4.58
4.58
4.58
4.58
4.58
3.58
3.58
4.58
4.08
4.08
3.08
4.58
4.08
4.08
3.58
4.33
4.58
4.08
4.58
4.58
3.58
4.58
4.58
4.58
4.58
4.08
4.08
4.08
3.58
4.58
3.58
4.58
3.08
3.58
4.58
4.08
4.58
4.58
4.08
4.08
4.08
4.08
4.08
4.08
4.58
3.58
4.58
4.08
4.08
4.58
4.08
4.08
4.58
4.58
4.58
4.58
4.08
4.58
4.08
4.58
4.08
3.58
4.58
4.08
4.58
4.08
4.58
4.58
3.83
4.08
4.08
4.58
4.08
4.08
4.58
4.08
4.08
4.58
4.08
3.58
4.58
4.08
4.58
4.58
4.58
4.58
3.58
4.58
4.08
3.58
4.58
3.83
4.08
4.08
4.08
4.08
3.58
3.58
4.08
4.08
4.58
3.58
3.58
4.08
3.58
4.58
4.58
4.58
4.58
3.58
4.08
4.08
4.58
4.58
4.58
4.58
4.58
4.08
4.08
4.08
4.08
4.08
4.08
4.08
4.08
3.58
4.58
4.08
3.83
4.08
4.08
4.08
4.25
3.08
4.58
4.58
4.08
4.08
4.33
4.58
4.08
4.08
3.58
3.08
4.08
4.58
4.08
4.58
4.58
4.08
4.58
4.08
4.08
3.58
4.08
4.58
4.58
4.58
4.08
4.08
4.58
4.58
4.58
4.33
4.58
4.58
4.08
4.58
4.08
4.58
4.58
4.58
4.08
4.08
4.58
4.58
4.33
3.58
4.58
4.08
4.58
4.58
4.08
4.58
4.58
4.58
3.58
4.58
4.58
4.08
4.58
4.08
3.83
4.58
3.58
3.58
4.08
4.08
3.58
4.08
4.58
3.58
4.08
4.58
4.58
4.08
4.08
3.08
4.58
4.58
4.58
4.08
4.58
3.58
4.58
4.08
4.58
4.58
4.58
4.58
4.08
4.08
4.08
4.58
3.08
4.08
4.08
4.58
3.58
4.58
3.58
4.08
4.58
4.33
4.58
4.58
4.58
3.83
4.08
4.08
4.08
4.33
4.33
4.58
4.08
3.83
4.58
4.58
3.58
4.58
4.08
4.08
4.33
4.08
4.58
4.08
4.58
4.58
3.58
4.58
4.08
4.08
3.58
4.58
4.08
4.08
3.58
4.08
3.58
4.58
3.58
4.58
4.58
3.58
4.58
3.08
4.08
4.08
3.83
3.58
4.58
4.58
3.08
4.08
4.58
4.58
4.08
3.58
3.58
4.08
4.58
4.58
4.58
4.58
3.58
4.08
4.08
4.58
4.58
4.33
4.08
3.83
4.08
4.58
4.08
4.58
3.58
3.58
4.58
4.58
4.08
4.58
4.58
4.58
4.58
4.08
3.58
4.33
2.58
3.58
4.58
4.08
4.58
4.58
4.58
4.58
3.58
4.08
4.58
4.08
4.58
4.08
4.58
4.08
4.58
4.58
4.08
4.33
4.33
4.58
4.58
4.58
4.58
4.58
4.58
4.58
4.58
4.33
4.08
4.08
4.08
4.58
4.08
4.08
4.08
3.58
4.08
3.08
4.08
4.58
4.08
4.08
4.58
4.58
2.58
4.08
4.58
4.58
3.58
3.92
4.58
4.58
3.58
4.08
4.58
4.33
3.58
4.58
3.58
2.58
3.58
3.58
4.08
4.08
4.58
4.58
4.08
4.58
4.58
4.08
4.08
4.58
3.58
4.08
4.08
4.08
4.58
3.58
4.58
2.58
4.58
4.58
4.08
4.58
4.08
4.58
4.08
4.08
4.58
3.83
4.58
4.08
4.58
3.08
4.58
4.08
3.58
4.08
4.58
3.58
4.08
4.58
4.08
4.58
3.58
4.58
4.08
4.58
4.08
3.58
4.58
3.58
4.58
4.08
4.58
4.08
2.58
4.58
3.83
4.08
4.08
4.08
4.58
4.08
4.58
4.58
4.58
4.08
4.08
3.08
4.58
4.08
4.58
4.58
4.08
3.08
4.58
4.08
4.58
4.58
4.08
4.58
3.58
3.58
4.08
4.58
4.58
4.08
4.58
4.08
4.58
4.08
4.08
4.08
4.08
4.58
4.08
4.58
3.58
4.58
4.58
4.58
4.08
2.58
4.58
4.08
3.58
4.08
4.58
3.58
3.08
4.58
4.58
3.08
4.08
4.08
4.58
4.08
4.08
4.33
3.58
4.08
4.08
4.58
4.58
4.08
4.08
3.58
4.08
3.58
4.58
4.08
4.58
4.58
4.58
4.08
3.58
3.58
4.58
4.58
3.58
4.08
4.08
4.08
4.08
4.08
3.58
4.58
4.58
4.33
4.08
4.08
4.58
4.58
4.58
4.08
3.08
4.58
3.58
4.58
4.08
4.08
4.08
3.58
4.58
4.58
4.58
4.08
4.58
4.58
3.58
4.58
4.08
4.08
4.08
4.58
3.58
4.58
4.08
4.08
4.58
4.08
3.58
4.08
4.08
3.58
3.08
3.58
4.08
4.58
4.08
4.08
2.58
4.08
4.08
4.08
2.58
3.58
3.33
3.58
3.58
4.58
4.08
3.08
4.58
4.08
4.08
3.58
4.08
4.58
4.58
4.58
2.58
4.58
4.58
4.58
3.58
4.08
4.58
4.58
3.58
3.58
4.08
4.58
4.08
3.58
4.08
4.58
4.08
4.58
4.58
4.08
3.58
4.58
3.58
4.33
4.08
4.58
4.58
4.58
3.58
4.58
4.08
4.58
4.08
4.08
4.08
4.08
4.58
4.58
4.08
4.58
4.58
4.58
3.58
4.08
4.08
4.08
4.58
4.58
4.58
4.58
4.58
4.58
4.58
4.08
3.83
4.08
4.58
4.58
4.08
2.58
3.58
3.58
3.58
4.58
4.58
4.58
4.58
3.58
4.08
4.33
3.58
4.08
4.58
4.58
3.58
4.08
4.58
4.08
4.58
4.08
4.08
4.08
4.58
4.58
4.58
4.08
4.08
3.58
4.58
4.08
4.58
3.08
4.08
4.08
4.58
4.08
4.58
4.58
4.08
4.08
4.08
4.33
4.08
3.08
4.08
4.08
4.08
4.58
3.83
4.08
4.08
4.58
4.58
3.58
4.33
4.58
4.08
4.58
3.08
3.08
4.58
4.08
2.58
4.08
4.08
4.08
3.58
2.58
4.08
4.58
4.58
4.58
4.58
4.08
4.58
4.08
4.58
4.58
4.58
4.08
4.58
4.08
4.08
4.08
4.08
4.58
4.08
4.58
4.58
4.58
4.58
4.58
4.58
3.58
4.58
3.58
3.58
3.08
4.08
4.08
4.08
3.58
4.58
4.08
2.58
4.08
4.58
4.58
4.08
4.58
4.08
3.08
3.58
4.58
4.58
4.58
4.58
4.08
4.33
4.08
4.58
4.58
4.08
4.58
4.58
3.58
4.58
4.08
4.08
4.58
3.58
3.58
3.58
4.08
4.08
3.58
4.58
4.08
4.58
4.08
4.58
4.08
3.08
4.58
4.08
4.58
4.08
4.08
4.58
4.08
3.08
4.08
4.08
4.58
4.58
4.58
4.58
4.58
4.08
4.58
3.08
3.58
4.58
4.58
4.08
4.08
3.58
3.58
3.58
2.58
4.58
4.58
4.08
4.08
4.58
4.08
4.58
4.58
4.08
3.58
4.08
4.08
4.08
3.58
0.54
